<?xml version="1.0" encoding="UTF-8"?>
<!-- Generated by org.testng.reporters.JUnitXMLReporter -->
<testsuite ignored="0" hostname="Sanju" failures="0" tests="4" name="Default test" time="1.804" errors="0" timestamp="2025-01-03T08:02:44 IST">
  <testcase classname="P6_Request_Response_Specification.Ex3_WitRequestResponseSpecBuilder" name="TC1_postStudentDatails" time="1.218"/>
  <testcase classname="P6_Request_Response_Specification.Ex3_WitRequestResponseSpecBuilder" name="TC2_getSpecificStudentDatails" time="0.095"/>
  <testcase classname="P6_Request_Response_Specification.Ex3_WitRequestResponseSpecBuilder" name="TC3_UpdateSpecificStudentDatails" time="0.02"/>
  <testcase classname="P6_Request_Response_Specification.Ex3_WitRequestResponseSpecBuilder" name="TC4_DeeleteSpecificStudentDatails" time="0.026"/>
</testsuite> <!-- Default test -->
