<?xml version="1.0" encoding="UTF-8"?>
<!-- Generated by org.testng.reporters.JUnitXMLReporter -->
<testsuite ignored="0" hostname="Sanju" failures="0" tests="4" name="Test" time="1.919" errors="0" timestamp="2025-01-06T07:47:18 IST">
  <testcase classname="P9_FakerLibrary_APIChaining.stu1_CreateUser" name="test_CreateUser" time="1.742"/>
  <testcase classname="P9_FakerLibrary_APIChaining.stu2_GetUser" name="test2_GetUser" time="0.073"/>
  <testcase classname="P9_FakerLibrary_APIChaining.stu3_UpdateUser" name="test3_UpdateUser" time="0.055"/>
  <testcase classname="P9_FakerLibrary_APIChaining.stu4_DeleteUser" name="test4_DeleteUser" time="0.018"/>
</testsuite> <!-- Test -->
