<?xml version="1.0" encoding="UTF-8"?>
<testng-results ignored="0" total="1" passed="1" failed="0" skipped="0">
  <reporter-output>
  </reporter-output>
  <suite started-at="2025-01-04T08:18:22 IST" name="Default suite" finished-at="2025-01-04T08:18:22 IST" duration-ms="80">
    <groups>
    </groups>
    <test started-at="2025-01-04T08:18:22 IST" name="Default test" finished-at="2025-01-04T08:18:22 IST" duration-ms="80">
      <class name="P7_Serialization_And_DeSerialization.ex3_serialization_Deserialization_Friends">
        <test-method signature="DeSerialization()[pri:2, instance:P7_Serialization_And_DeSerialization.ex3_serialization_Deserialization_Friends@4d154ccd]" started-at="2025-01-04T08:18:22 IST" name="DeSerialization" finished-at="2025-01-04T08:18:22 IST" duration-ms="54" status="PASS">
          <reporter-output>
          </reporter-output>
        </test-method> <!-- DeSerialization -->
      </class> <!-- P7_Serialization_And_DeSerialization.ex3_serialization_Deserialization_Friends -->
    </test> <!-- Default test -->
  </suite> <!-- Default suite -->
</testng-results>
